\BOOKMARK [1][-]{section.1}{\376\377\000S\000o\000d\000o\000k\000u}{}% 1
\BOOKMARK [2][-]{subsection.1.1}{\376\377\000M\000o\000d\000e\000l\000o}{section.1}% 2
\BOOKMARK [2][-]{subsection.1.2}{\376\377\000I\000m\000p\000l\000e\000m\000e\000n\000t\000a\000c\000i\000\363\000n}{section.1}% 3
\BOOKMARK [2][-]{subsection.1.3}{\376\377\000P\000r\000u\000e\000b\000a\000s}{section.1}% 4
\BOOKMARK [2][-]{subsection.1.4}{\376\377\000A\000r\000b\000o\000l\000e\000s\000\040\000d\000e\000\040\000b\000\372\000s\000q\000u\000e\000d\000a}{section.1}% 5
\BOOKMARK [2][-]{subsection.1.5}{\376\377\000A\000n\000\341\000l\000i\000s\000i\000s}{section.1}% 6
\BOOKMARK [2][-]{subsection.1.6}{\376\377\000C\000o\000n\000c\000l\000u\000s\000i\000o\000n\000e\000s}{section.1}% 7
\BOOKMARK [1][-]{section.2}{\376\377\000K\000a\000k\000u\000r\000o}{}% 8
\BOOKMARK [2][-]{subsection.2.1}{\376\377\000M\000o\000d\000e\000l\000o}{section.2}% 9
\BOOKMARK [2][-]{subsection.2.2}{\376\377\000D\000e\000t\000a\000l\000l\000e\000s\000\040\000d\000e\000\040\000i\000m\000p\000l\000e\000m\000e\000n\000t\000a\000c\000i\000\363\000n}{section.2}% 10
\BOOKMARK [2][-]{subsection.2.3}{\376\377\000P\000r\000u\000e\000b\000a\000s}{section.2}% 11
\BOOKMARK [2][-]{subsection.2.4}{\376\377\000\301\000r\000b\000o\000l\000e\000s\000\040\000d\000e\000\040\000b\000\372\000s\000q\000u\000e\000d\000a}{section.2}% 12
\BOOKMARK [2][-]{subsection.2.5}{\376\377\000A\000n\000\341\000l\000i\000s\000i\000s}{section.2}% 13
\BOOKMARK [2][-]{subsection.2.6}{\376\377\000C\000o\000n\000c\000l\000u\000s\000i\000o\000n\000e\000s}{section.2}% 14
\BOOKMARK [1][-]{section.3}{\376\377\000S\000e\000c\000u\000e\000n\000c\000i\000a\000\040\000M\000\341\000g\000i\000c\000a}{}% 15
\BOOKMARK [2][-]{subsection.3.1}{\376\377\000M\000o\000d\000e\000l\000o}{section.3}% 16
\BOOKMARK [2][-]{subsection.3.2}{\376\377\000D\000e\000t\000a\000l\000l\000e\000s\000\040\000d\000e\000\040\000i\000m\000p\000l\000e\000m\000e\000n\000t\000a\000c\000i\000\363\000n}{section.3}% 17
\BOOKMARK [2][-]{subsection.3.3}{\376\377\000P\000r\000u\000e\000b\000a\000s}{section.3}% 18
\BOOKMARK [2][-]{subsection.3.4}{\376\377\000\301\000r\000b\000o\000l\000e\000s\000\040\000d\000e\000\040\000b\000\372\000s\000q\000u\000e\000d\000a}{section.3}% 19
\BOOKMARK [2][-]{subsection.3.5}{\376\377\000A\000n\000\341\000l\000i\000s\000i\000s}{section.3}% 20
\BOOKMARK [2][-]{subsection.3.6}{\376\377\000C\000o\000n\000c\000l\000u\000s\000i\000o\000n\000e\000s}{section.3}% 21
\BOOKMARK [1][-]{section.4}{\376\377\000A\000c\000e\000r\000t\000i\000j\000o\000\040\000L\000\363\000g\000i\000c\000o}{}% 22
\BOOKMARK [2][-]{subsection.4.1}{\376\377\000M\000o\000d\000e\000l\000o}{section.4}% 23
\BOOKMARK [2][-]{subsection.4.2}{\376\377\000D\000e\000t\000a\000l\000l\000e\000s\000\040\000d\000e\000\040\000i\000m\000p\000l\000e\000m\000e\000n\000t\000a\000c\000i\000\363\000n}{section.4}% 24
\BOOKMARK [2][-]{subsection.4.3}{\376\377\000P\000r\000u\000e\000b\000a\000s}{section.4}% 25
\BOOKMARK [2][-]{subsection.4.4}{\376\377\000\301\000r\000b\000o\000l\000e\000s\000\040\000d\000e\000\040\000b\000\372\000s\000q\000u\000e\000d\000a}{section.4}% 26
\BOOKMARK [2][-]{subsection.4.5}{\376\377\000A\000n\000\341\000l\000i\000s\000i\000s}{section.4}% 27
\BOOKMARK [2][-]{subsection.4.6}{\376\377\000C\000o\000n\000c\000l\000u\000s\000i\000o\000n\000e\000s}{section.4}% 28
\BOOKMARK [1][-]{section.5}{\376\377\000U\000b\000i\000c\000a\000c\000i\000\363\000n\000\040\000d\000e\000\040\000p\000e\000r\000s\000o\000n\000a\000s\000\040\000e\000n\000\040\000u\000n\000a\000\040\000r\000e\000u\000n\000i\000\363\000n}{}% 29
\BOOKMARK [2][-]{subsection.5.1}{\376\377\000M\000o\000d\000e\000l\000o}{section.5}% 30
\BOOKMARK [2][-]{subsection.5.2}{\376\377\000D\000e\000t\000a\000l\000l\000e\000s\000\040\000d\000e\000\040\000i\000m\000p\000l\000e\000m\000e\000n\000t\000a\000c\000i\000\363\000n}{section.5}% 31
\BOOKMARK [2][-]{subsection.5.3}{\376\377\000P\000r\000u\000e\000b\000a\000s}{section.5}% 32
\BOOKMARK [2][-]{subsection.5.4}{\376\377\000\301\000r\000b\000o\000l\000e\000s\000\040\000d\000e\000\040\000b\000\372\000s\000q\000u\000e\000d\000a}{section.5}% 33
\BOOKMARK [2][-]{subsection.5.5}{\376\377\000A\000n\000\341\000l\000i\000s\000i\000s}{section.5}% 34
\BOOKMARK [2][-]{subsection.5.6}{\376\377\000C\000o\000n\000c\000l\000u\000s\000i\000o\000n\000e\000s}{section.5}% 35
\BOOKMARK [1][-]{section.6}{\376\377\000C\000o\000n\000s\000t\000r\000u\000c\000c\000i\000\363\000n\000\040\000d\000e\000\040\000u\000n\000\040\000r\000e\000c\000t\000\341\000n\000g\000u\000l\000o}{}% 36
\BOOKMARK [2][-]{subsection.6.1}{\376\377\000M\000o\000d\000e\000l\000o}{section.6}% 37
\BOOKMARK [2][-]{subsection.6.2}{\376\377\000D\000e\000t\000a\000l\000l\000e\000s\000\040\000d\000e\000\040\000i\000m\000p\000l\000e\000m\000e\000n\000t\000a\000c\000i\000\363\000n}{section.6}% 38
\BOOKMARK [2][-]{subsection.6.3}{\376\377\000P\000r\000u\000e\000b\000a\000s}{section.6}% 39
\BOOKMARK [2][-]{subsection.6.4}{\376\377\000\301\000r\000b\000o\000l\000e\000s\000\040\000d\000e\000\040\000b\000\372\000s\000q\000u\000e\000d\000a}{section.6}% 40
\BOOKMARK [2][-]{subsection.6.5}{\376\377\000A\000n\000\341\000l\000i\000s\000i\000s}{section.6}% 41
\BOOKMARK [2][-]{subsection.6.6}{\376\377\000C\000o\000n\000c\000l\000u\000s\000i\000o\000n\000e\000s}{section.6}% 42
